{"/Users/amaliaalmira/Desktop/HACKTIV8/IP-amalialmira/server/app.js": {"path":"/Users/amaliaalmira/Desktop/HACKTIV8/IP-amalialmira/server/app.js","statementMap":{"0":{"start":{"line":1,"column":0},"end":{"line":3,"column":1}},"1":{"start":{"line":2,"column":4},"end":{"line":2,"column":30}},"2":{"start":{"line":4,"column":16},"end":{"line":4,"column":34}},"3":{"start":{"line":5,"column":12},"end":{"line":5,"column":21}},"4":{"start":{"line":6,"column":13},"end":{"line":6,"column":17}},"5":{"start":{"line":7,"column":15},"end":{"line":7,"column":41}},"6":{"start":{"line":8,"column":21},"end":{"line":8,"column":57}},"7":{"start":{"line":12,"column":0},"end":{"line":12,"column":46}},"8":{"start":{"line":13,"column":0},"end":{"line":13,"column":23}},"9":{"start":{"line":15,"column":0},"end":{"line":15,"column":16}},"10":{"start":{"line":22,"column":0},"end":{"line":22,"column":21}},"11":{"start":{"line":25,"column":0},"end":{"line":25,"column":20}}},"fnMap":{},"branchMap":{"0":{"loc":{"start":{"line":1,"column":0},"end":{"line":3,"column":1}},"type":"if","locations":[{"start":{"line":1,"column":0},"end":{"line":3,"column":1}},{"start":{},"end":{}}],"line":1}},"s":{"0":3,"1":3,"2":3,"3":3,"4":3,"5":3,"6":3,"7":3,"8":3,"9":3,"10":3,"11":3},"f":{},"b":{"0":[3,0]},"_coverageSchema":"1a1c01bbd47fc00a2c39e90264f33305004495a9","hash":"697d73c6f1018bbff18555d8790cb24ec0c9c4e3"}
,"/Users/amaliaalmira/Desktop/HACKTIV8/IP-amalialmira/server/controllers/BookController.js": {"path":"/Users/amaliaalmira/Desktop/HACKTIV8/IP-amalialmira/server/controllers/BookController.js","statementMap":{"0":{"start":{"line":1,"column":17},"end":{"line":1,"column":37}},"1":{"start":{"line":2,"column":15},"end":{"line":2,"column":35}},"2":{"start":{"line":7,"column":8},"end":{"line":66,"column":9}},"3":{"start":{"line":8,"column":45},"end":{"line":8,"column":54}},"4":{"start":{"line":10,"column":32},"end":{"line":10,"column":34}},"5":{"start":{"line":12,"column":12},"end":{"line":18,"column":13}},"6":{"start":{"line":13,"column":16},"end":{"line":17,"column":17}},"7":{"start":{"line":20,"column":12},"end":{"line":24,"column":13}},"8":{"start":{"line":21,"column":16},"end":{"line":23,"column":17}},"9":{"start":{"line":26,"column":12},"end":{"line":33,"column":13}},"10":{"start":{"line":27,"column":16},"end":{"line":32,"column":17}},"11":{"start":{"line":35,"column":24},"end":{"line":35,"column":26}},"12":{"start":{"line":36,"column":29},"end":{"line":36,"column":30}},"13":{"start":{"line":38,"column":12},"end":{"line":51,"column":13}},"14":{"start":{"line":39,"column":16},"end":{"line":42,"column":17}},"15":{"start":{"line":40,"column":20},"end":{"line":40,"column":37}},"16":{"start":{"line":41,"column":20},"end":{"line":41,"column":45}},"17":{"start":{"line":44,"column":16},"end":{"line":47,"column":17}},"18":{"start":{"line":45,"column":20},"end":{"line":45,"column":44}},"19":{"start":{"line":46,"column":20},"end":{"line":46,"column":66}},"20":{"start":{"line":49,"column":16},"end":{"line":49,"column":41}},"21":{"start":{"line":50,"column":16},"end":{"line":50,"column":62}},"22":{"start":{"line":53,"column":36},"end":{"line":53,"column":75}},"23":{"start":{"line":55,"column":12},"end":{"line":61,"column":14}},"24":{"start":{"line":65,"column":12},"end":{"line":65,"column":31}},"25":{"start":{"line":70,"column":0},"end":{"line":70,"column":31}}},"fnMap":{"0":{"name":"(anonymous_0)","decl":{"start":{"line":6,"column":4},"end":{"line":6,"column":5}},"loc":{"start":{"line":6,"column":44},"end":{"line":67,"column":5}},"line":6}},"branchMap":{"0":{"loc":{"start":{"line":12,"column":12},"end":{"line":18,"column":13}},"type":"if","locations":[{"start":{"line":12,"column":12},"end":{"line":18,"column":13}},{"start":{},"end":{}}],"line":12},"1":{"loc":{"start":{"line":20,"column":12},"end":{"line":24,"column":13}},"type":"if","locations":[{"start":{"line":20,"column":12},"end":{"line":24,"column":13}},{"start":{},"end":{}}],"line":20},"2":{"loc":{"start":{"line":26,"column":12},"end":{"line":33,"column":13}},"type":"if","locations":[{"start":{"line":26,"column":12},"end":{"line":33,"column":13}},{"start":{},"end":{}}],"line":26},"3":{"loc":{"start":{"line":26,"column":16},"end":{"line":26,"column":32}},"type":"binary-expr","locations":[{"start":{"line":26,"column":16},"end":{"line":26,"column":22}},{"start":{"line":26,"column":26},"end":{"line":26,"column":32}}],"line":26},"4":{"loc":{"start":{"line":38,"column":12},"end":{"line":51,"column":13}},"type":"if","locations":[{"start":{"line":38,"column":12},"end":{"line":51,"column":13}},{"start":{"line":48,"column":19},"end":{"line":51,"column":13}}],"line":38},"5":{"loc":{"start":{"line":39,"column":16},"end":{"line":42,"column":17}},"type":"if","locations":[{"start":{"line":39,"column":16},"end":{"line":42,"column":17}},{"start":{},"end":{}}],"line":39},"6":{"loc":{"start":{"line":44,"column":16},"end":{"line":47,"column":17}},"type":"if","locations":[{"start":{"line":44,"column":16},"end":{"line":47,"column":17}},{"start":{},"end":{}}],"line":44}},"s":{"0":3,"1":3,"2":3,"3":3,"4":3,"5":3,"6":0,"7":3,"8":1,"9":3,"10":0,"11":3,"12":3,"13":3,"14":1,"15":1,"16":1,"17":1,"18":1,"19":1,"20":2,"21":2,"22":3,"23":3,"24":0,"25":3},"f":{"0":3},"b":{"0":[0,3],"1":[1,2],"2":[0,3],"3":[3,1],"4":[1,2],"5":[1,0],"6":[1,0]},"_coverageSchema":"1a1c01bbd47fc00a2c39e90264f33305004495a9","hash":"f7b400201142b76b41ad4615150ec854977aeef6"}
,"/Users/amaliaalmira/Desktop/HACKTIV8/IP-amalialmira/server/controllers/ListController.js": {"path":"/Users/amaliaalmira/Desktop/HACKTIV8/IP-amalialmira/server/controllers/ListController.js","statementMap":{"0":{"start":{"line":1,"column":36},"end":{"line":1,"column":56}},"1":{"start":{"line":2,"column":13},"end":{"line":2,"column":38}},"2":{"start":{"line":6,"column":8},"end":{"line":17,"column":9}},"3":{"start":{"line":7,"column":24},"end":{"line":12,"column":14}},"4":{"start":{"line":13,"column":12},"end":{"line":13,"column":39}},"5":{"start":{"line":15,"column":12},"end":{"line":15,"column":23}},"6":{"start":{"line":20,"column":8},"end":{"line":32,"column":9}},"7":{"start":{"line":21,"column":25},"end":{"line":21,"column":35}},"8":{"start":{"line":22,"column":23},"end":{"line":22,"column":46}},"9":{"start":{"line":24,"column":12},"end":{"line":27,"column":14}},"10":{"start":{"line":28,"column":12},"end":{"line":28,"column":101}},"11":{"start":{"line":30,"column":12},"end":{"line":30,"column":23}},"12":{"start":{"line":35,"column":8},"end":{"line":49,"column":9}},"13":{"start":{"line":37,"column":25},"end":{"line":37,"column":35}},"14":{"start":{"line":38,"column":26},"end":{"line":38,"column":49}},"15":{"start":{"line":41,"column":12},"end":{"line":45,"column":14}},"16":{"start":{"line":46,"column":12},"end":{"line":46,"column":108}},"17":{"start":{"line":48,"column":12},"end":{"line":48,"column":23}},"18":{"start":{"line":52,"column":8},"end":{"line":66,"column":9}},"19":{"start":{"line":53,"column":12},"end":{"line":53,"column":34}},"20":{"start":{"line":54,"column":25},"end":{"line":54,"column":35}},"21":{"start":{"line":55,"column":38},"end":{"line":55,"column":46}},"22":{"start":{"line":56,"column":12},"end":{"line":56,"column":52}},"23":{"start":{"line":57,"column":12},"end":{"line":61,"column":14}},"24":{"start":{"line":62,"column":12},"end":{"line":62,"column":33}},"25":{"start":{"line":64,"column":12},"end":{"line":64,"column":31}},"26":{"start":{"line":71,"column":0},"end":{"line":71,"column":31}}},"fnMap":{"0":{"name":"(anonymous_0)","decl":{"start":{"line":5,"column":4},"end":{"line":5,"column":5}},"loc":{"start":{"line":5,"column":49},"end":{"line":18,"column":5}},"line":5},"1":{"name":"(anonymous_1)","decl":{"start":{"line":19,"column":4},"end":{"line":19,"column":5}},"loc":{"start":{"line":19,"column":50},"end":{"line":33,"column":5}},"line":19},"2":{"name":"(anonymous_2)","decl":{"start":{"line":34,"column":4},"end":{"line":34,"column":5}},"loc":{"start":{"line":34,"column":50},"end":{"line":50,"column":5}},"line":34},"3":{"name":"(anonymous_3)","decl":{"start":{"line":51,"column":4},"end":{"line":51,"column":5}},"loc":{"start":{"line":51,"column":48},"end":{"line":67,"column":5}},"line":51}},"branchMap":{},"s":{"0":3,"1":3,"2":1,"3":1,"4":1,"5":0,"6":1,"7":1,"8":1,"9":1,"10":1,"11":0,"12":1,"13":1,"14":1,"15":1,"16":1,"17":0,"18":1,"19":1,"20":1,"21":1,"22":1,"23":1,"24":1,"25":0,"26":3},"f":{"0":1,"1":1,"2":1,"3":1},"b":{},"_coverageSchema":"1a1c01bbd47fc00a2c39e90264f33305004495a9","hash":"3c5ae5626b0b77e5066356d17f2be714f26544b0"}
,"/Users/amaliaalmira/Desktop/HACKTIV8/IP-amalialmira/server/controllers/UserController.js": {"path":"/Users/amaliaalmira/Desktop/HACKTIV8/IP-amalialmira/server/controllers/UserController.js","statementMap":{"0":{"start":{"line":1,"column":17},"end":{"line":1,"column":37}},"1":{"start":{"line":2,"column":24},"end":{"line":2,"column":52}},"2":{"start":{"line":3,"column":22},"end":{"line":3,"column":47}},"3":{"start":{"line":5,"column":0},"end":{"line":5,"column":27}},"4":{"start":{"line":7,"column":25},"end":{"line":7,"column":55}},"5":{"start":{"line":8,"column":15},"end":{"line":8,"column":33}},"6":{"start":{"line":12,"column":8},"end":{"line":24,"column":9}},"7":{"start":{"line":14,"column":48},"end":{"line":14,"column":56}},"8":{"start":{"line":15,"column":23},"end":{"line":15,"column":71}},"9":{"start":{"line":17,"column":12},"end":{"line":21,"column":14}},"10":{"start":{"line":23,"column":12},"end":{"line":23,"column":23}},"11":{"start":{"line":27,"column":34},"end":{"line":27,"column":42}},"12":{"start":{"line":28,"column":8},"end":{"line":49,"column":9}},"13":{"start":{"line":29,"column":12},"end":{"line":31,"column":13}},"14":{"start":{"line":30,"column":16},"end":{"line":30,"column":46}},"15":{"start":{"line":33,"column":25},"end":{"line":35,"column":14}},"16":{"start":{"line":37,"column":12},"end":{"line":39,"column":13}},"17":{"start":{"line":38,"column":16},"end":{"line":38,"column":45}},"18":{"start":{"line":41,"column":26},"end":{"line":43,"column":14}},"19":{"start":{"line":45,"column":12},"end":{"line":45,"column":57}},"20":{"start":{"line":48,"column":12},"end":{"line":48,"column":23}},"21":{"start":{"line":53,"column":32},"end":{"line":53,"column":40}},"22":{"start":{"line":54,"column":8},"end":{"line":77,"column":9}},"23":{"start":{"line":55,"column":27},"end":{"line":59,"column":14}},"24":{"start":{"line":60,"column":28},"end":{"line":60,"column":47}},"25":{"start":{"line":61,"column":36},"end":{"line":71,"column":14}},"26":{"start":{"line":73,"column":26},"end":{"line":73,"column":76}},"27":{"start":{"line":74,"column":12},"end":{"line":74,"column":74}},"28":{"start":{"line":76,"column":12},"end":{"line":76,"column":23}},"29":{"start":{"line":81,"column":0},"end":{"line":81,"column":31}}},"fnMap":{"0":{"name":"(anonymous_0)","decl":{"start":{"line":11,"column":4},"end":{"line":11,"column":5}},"loc":{"start":{"line":11,"column":42},"end":{"line":25,"column":5}},"line":11},"1":{"name":"(anonymous_1)","decl":{"start":{"line":26,"column":4},"end":{"line":26,"column":5}},"loc":{"start":{"line":26,"column":39},"end":{"line":50,"column":5}},"line":26},"2":{"name":"(anonymous_2)","decl":{"start":{"line":52,"column":4},"end":{"line":52,"column":5}},"loc":{"start":{"line":52,"column":45},"end":{"line":78,"column":5}},"line":52}},"branchMap":{"0":{"loc":{"start":{"line":29,"column":12},"end":{"line":31,"column":13}},"type":"if","locations":[{"start":{"line":29,"column":12},"end":{"line":31,"column":13}},{"start":{},"end":{}}],"line":29},"1":{"loc":{"start":{"line":29,"column":16},"end":{"line":29,"column":35}},"type":"binary-expr","locations":[{"start":{"line":29,"column":16},"end":{"line":29,"column":22}},{"start":{"line":29,"column":26},"end":{"line":29,"column":35}}],"line":29},"2":{"loc":{"start":{"line":37,"column":12},"end":{"line":39,"column":13}},"type":"if","locations":[{"start":{"line":37,"column":12},"end":{"line":39,"column":13}},{"start":{},"end":{}}],"line":37},"3":{"loc":{"start":{"line":37,"column":16},"end":{"line":37,"column":62}},"type":"binary-expr","locations":[{"start":{"line":37,"column":16},"end":{"line":37,"column":21}},{"start":{"line":37,"column":25},"end":{"line":37,"column":62}}],"line":37},"4":{"loc":{"start":{"line":74,"column":23},"end":{"line":74,"column":42}},"type":"cond-expr","locations":[{"start":{"line":74,"column":33},"end":{"line":74,"column":36}},{"start":{"line":74,"column":39},"end":{"line":74,"column":42}}],"line":74}},"s":{"0":3,"1":3,"2":3,"3":3,"4":3,"5":3,"6":4,"7":4,"8":4,"9":1,"10":3,"11":5,"12":5,"13":5,"14":2,"15":3,"16":3,"17":2,"18":1,"19":1,"20":4,"21":0,"22":0,"23":0,"24":0,"25":0,"26":0,"27":0,"28":0,"29":3},"f":{"0":4,"1":5,"2":0},"b":{"0":[2,3],"1":[5,4],"2":[2,1],"3":[3,2],"4":[0,0]},"_coverageSchema":"1a1c01bbd47fc00a2c39e90264f33305004495a9","hash":"75fa292ffb2a12e98a9a78b0ce8c53151458c924"}
,"/Users/amaliaalmira/Desktop/HACKTIV8/IP-amalialmira/server/helpers/bcrypt.js": {"path":"/Users/amaliaalmira/Desktop/HACKTIV8/IP-amalialmira/server/helpers/bcrypt.js","statementMap":{"0":{"start":{"line":1,"column":15},"end":{"line":1,"column":34}},"1":{"start":{"line":3,"column":17},"end":{"line":6,"column":1}},"2":{"start":{"line":4,"column":17},"end":{"line":4,"column":38}},"3":{"start":{"line":5,"column":4},"end":{"line":5,"column":38}},"4":{"start":{"line":8,"column":20},"end":{"line":10,"column":1}},"5":{"start":{"line":9,"column":4},"end":{"line":9,"column":47}},"6":{"start":{"line":12,"column":0},"end":{"line":12,"column":40}}},"fnMap":{"0":{"name":"(anonymous_0)","decl":{"start":{"line":3,"column":17},"end":{"line":3,"column":18}},"loc":{"start":{"line":3,"column":27},"end":{"line":6,"column":1}},"line":3},"1":{"name":"(anonymous_1)","decl":{"start":{"line":8,"column":20},"end":{"line":8,"column":21}},"loc":{"start":{"line":8,"column":42},"end":{"line":10,"column":1}},"line":8}},"branchMap":{},"s":{"0":3,"1":3,"2":3,"3":3,"4":3,"5":2,"6":3},"f":{"0":3,"1":2},"b":{},"_coverageSchema":"1a1c01bbd47fc00a2c39e90264f33305004495a9","hash":"d7af3e26714d9098026de46454a7d97995b05610"}
,"/Users/amaliaalmira/Desktop/HACKTIV8/IP-amalialmira/server/helpers/jwt.js": {"path":"/Users/amaliaalmira/Desktop/HACKTIV8/IP-amalialmira/server/helpers/jwt.js","statementMap":{"0":{"start":{"line":1,"column":12},"end":{"line":1,"column":35}},"1":{"start":{"line":3,"column":18},"end":{"line":3,"column":40}},"2":{"start":{"line":4,"column":18},"end":{"line":7,"column":1}},"3":{"start":{"line":6,"column":4},"end":{"line":6,"column":39}},"4":{"start":{"line":9,"column":20},"end":{"line":11,"column":1}},"5":{"start":{"line":10,"column":4},"end":{"line":10,"column":39}},"6":{"start":{"line":13,"column":0},"end":{"line":13,"column":41}}},"fnMap":{"0":{"name":"(anonymous_0)","decl":{"start":{"line":4,"column":18},"end":{"line":4,"column":19}},"loc":{"start":{"line":4,"column":31},"end":{"line":7,"column":1}},"line":4},"1":{"name":"(anonymous_1)","decl":{"start":{"line":9,"column":20},"end":{"line":9,"column":21}},"loc":{"start":{"line":9,"column":31},"end":{"line":11,"column":1}},"line":9}},"branchMap":{},"s":{"0":3,"1":3,"2":3,"3":2,"4":3,"5":4,"6":3},"f":{"0":2,"1":4},"b":{},"_coverageSchema":"1a1c01bbd47fc00a2c39e90264f33305004495a9","hash":"8c3b96104673e825a0dded8778522f491d13b34c"}
,"/Users/amaliaalmira/Desktop/HACKTIV8/IP-amalialmira/server/middleware/errorHandler.js": {"path":"/Users/amaliaalmira/Desktop/HACKTIV8/IP-amalialmira/server/middleware/errorHandler.js","statementMap":{"0":{"start":{"line":2,"column":17},"end":{"line":2,"column":34}},"1":{"start":{"line":3,"column":18},"end":{"line":3,"column":56}},"2":{"start":{"line":4,"column":4},"end":{"line":4,"column":21}},"3":{"start":{"line":5,"column":4},"end":{"line":36,"column":5}},"4":{"start":{"line":8,"column":12},"end":{"line":8,"column":25}},"5":{"start":{"line":9,"column":12},"end":{"line":9,"column":40}},"6":{"start":{"line":10,"column":12},"end":{"line":10,"column":18}},"7":{"start":{"line":12,"column":12},"end":{"line":12,"column":25}},"8":{"start":{"line":13,"column":12},"end":{"line":13,"column":39}},"9":{"start":{"line":14,"column":12},"end":{"line":14,"column":18}},"10":{"start":{"line":16,"column":12},"end":{"line":16,"column":25}},"11":{"start":{"line":17,"column":12},"end":{"line":17,"column":38}},"12":{"start":{"line":18,"column":12},"end":{"line":18,"column":18}},"13":{"start":{"line":21,"column":12},"end":{"line":21,"column":24}},"14":{"start":{"line":22,"column":12},"end":{"line":22,"column":43}},"15":{"start":{"line":23,"column":12},"end":{"line":23,"column":18}},"16":{"start":{"line":25,"column":12},"end":{"line":25,"column":24}},"17":{"start":{"line":26,"column":12},"end":{"line":26,"column":50}},"18":{"start":{"line":27,"column":12},"end":{"line":27,"column":18}},"19":{"start":{"line":29,"column":12},"end":{"line":29,"column":24}},"20":{"start":{"line":30,"column":12},"end":{"line":30,"column":46}},"21":{"start":{"line":31,"column":12},"end":{"line":31,"column":17}},"22":{"start":{"line":33,"column":12},"end":{"line":33,"column":24}},"23":{"start":{"line":34,"column":12},"end":{"line":34,"column":41}},"24":{"start":{"line":35,"column":12},"end":{"line":35,"column":17}},"25":{"start":{"line":38,"column":4},"end":{"line":38,"column":38}},"26":{"start":{"line":41,"column":0},"end":{"line":41,"column":29}}},"fnMap":{"0":{"name":"errorHandler","decl":{"start":{"line":1,"column":9},"end":{"line":1,"column":21}},"loc":{"start":{"line":1,"column":42},"end":{"line":39,"column":1}},"line":1}},"branchMap":{"0":{"loc":{"start":{"line":2,"column":17},"end":{"line":2,"column":34}},"type":"binary-expr","locations":[{"start":{"line":2,"column":17},"end":{"line":2,"column":20}},{"start":{"line":2,"column":24},"end":{"line":2,"column":34}}],"line":2},"1":{"loc":{"start":{"line":3,"column":18},"end":{"line":3,"column":56}},"type":"binary-expr","locations":[{"start":{"line":3,"column":18},"end":{"line":3,"column":29}},{"start":{"line":3,"column":33},"end":{"line":3,"column":56}}],"line":3},"2":{"loc":{"start":{"line":5,"column":4},"end":{"line":36,"column":5}},"type":"switch","locations":[{"start":{"line":6,"column":8},"end":{"line":6,"column":29}},{"start":{"line":7,"column":8},"end":{"line":10,"column":18}},{"start":{"line":11,"column":8},"end":{"line":14,"column":18}},{"start":{"line":15,"column":8},"end":{"line":18,"column":18}},{"start":{"line":19,"column":8},"end":{"line":19,"column":40}},{"start":{"line":20,"column":8},"end":{"line":23,"column":18}},{"start":{"line":24,"column":8},"end":{"line":27,"column":18}},{"start":{"line":28,"column":8},"end":{"line":31,"column":17}},{"start":{"line":32,"column":8},"end":{"line":35,"column":17}}],"line":5}},"s":{"0":7,"1":7,"2":7,"3":7,"4":0,"5":0,"6":0,"7":0,"8":0,"9":0,"10":0,"11":0,"12":0,"13":3,"14":3,"15":3,"16":2,"17":2,"18":2,"19":2,"20":2,"21":2,"22":0,"23":0,"24":0,"25":7,"26":3},"f":{"0":7},"b":{"0":[7,0],"1":[7,4],"2":[0,0,0,0,3,3,2,2,0]},"_coverageSchema":"1a1c01bbd47fc00a2c39e90264f33305004495a9","hash":"64898a15ce6b0107e65e070bc34e4c08a82ade82"}
,"/Users/amaliaalmira/Desktop/HACKTIV8/IP-amalialmira/server/middleware/isAuthenticate.js": {"path":"/Users/amaliaalmira/Desktop/HACKTIV8/IP-amalialmira/server/middleware/isAuthenticate.js","statementMap":{"0":{"start":{"line":1,"column":24},"end":{"line":1,"column":49}},"1":{"start":{"line":2,"column":17},"end":{"line":2,"column":37}},"2":{"start":{"line":5,"column":4},"end":{"line":35,"column":5}},"3":{"start":{"line":6,"column":27},"end":{"line":6,"column":52}},"4":{"start":{"line":7,"column":8},"end":{"line":7,"column":34}},"5":{"start":{"line":9,"column":8},"end":{"line":11,"column":9}},"6":{"start":{"line":10,"column":12},"end":{"line":10,"column":41}},"7":{"start":{"line":13,"column":30},"end":{"line":13,"column":53}},"8":{"start":{"line":15,"column":8},"end":{"line":17,"column":9}},"9":{"start":{"line":16,"column":12},"end":{"line":16,"column":41}},"10":{"start":{"line":19,"column":22},"end":{"line":19,"column":40}},"11":{"start":{"line":21,"column":19},"end":{"line":21,"column":50}},"12":{"start":{"line":23,"column":8},"end":{"line":25,"column":9}},"13":{"start":{"line":24,"column":12},"end":{"line":24,"column":41}},"14":{"start":{"line":27,"column":8},"end":{"line":30,"column":9}},"15":{"start":{"line":31,"column":8},"end":{"line":31,"column":14}},"16":{"start":{"line":34,"column":8},"end":{"line":34,"column":19}},"17":{"start":{"line":39,"column":0},"end":{"line":39,"column":31}}},"fnMap":{"0":{"name":"isAuthenticate","decl":{"start":{"line":4,"column":15},"end":{"line":4,"column":29}},"loc":{"start":{"line":4,"column":45},"end":{"line":37,"column":1}},"line":4}},"branchMap":{"0":{"loc":{"start":{"line":9,"column":8},"end":{"line":11,"column":9}},"type":"if","locations":[{"start":{"line":9,"column":8},"end":{"line":11,"column":9}},{"start":{},"end":{}}],"line":9},"1":{"loc":{"start":{"line":15,"column":8},"end":{"line":17,"column":9}},"type":"if","locations":[{"start":{"line":15,"column":8},"end":{"line":17,"column":9}},{"start":{},"end":{}}],"line":15},"2":{"loc":{"start":{"line":23,"column":8},"end":{"line":25,"column":9}},"type":"if","locations":[{"start":{"line":23,"column":8},"end":{"line":25,"column":9}},{"start":{},"end":{}}],"line":23}},"s":{"0":3,"1":3,"2":4,"3":4,"4":4,"5":4,"6":0,"7":4,"8":4,"9":0,"10":4,"11":4,"12":4,"13":0,"14":4,"15":4,"16":0,"17":3},"f":{"0":4},"b":{"0":[0,4],"1":[0,4],"2":[0,4]},"_coverageSchema":"1a1c01bbd47fc00a2c39e90264f33305004495a9","hash":"d7fe29bcc0d7494ba7c3cabbc3c72b8698b802b5"}
,"/Users/amaliaalmira/Desktop/HACKTIV8/IP-amalialmira/server/models/book.js": {"path":"/Users/amaliaalmira/Desktop/HACKTIV8/IP-amalialmira/server/models/book.js","statementMap":{"0":{"start":{"line":4,"column":4},"end":{"line":4,"column":24}},"1":{"start":{"line":5,"column":0},"end":{"line":30,"column":2}},"2":{"start":{"line":14,"column":6},"end":{"line":14,"column":38}},"3":{"start":{"line":17,"column":2},"end":{"line":28,"column":5}},"4":{"start":{"line":29,"column":2},"end":{"line":29,"column":14}}},"fnMap":{"0":{"name":"(anonymous_0)","decl":{"start":{"line":5,"column":17},"end":{"line":5,"column":18}},"loc":{"start":{"line":5,"column":43},"end":{"line":30,"column":1}},"line":5},"1":{"name":"(anonymous_1)","decl":{"start":{"line":12,"column":4},"end":{"line":12,"column":5}},"loc":{"start":{"line":12,"column":29},"end":{"line":15,"column":5}},"line":12}},"branchMap":{},"s":{"0":3,"1":3,"2":3,"3":3,"4":3},"f":{"0":3,"1":3},"b":{},"_coverageSchema":"1a1c01bbd47fc00a2c39e90264f33305004495a9","hash":"7478dd546c25efc9314a0b67308715070c97e2c1"}
,"/Users/amaliaalmira/Desktop/HACKTIV8/IP-amalialmira/server/models/index.js": {"path":"/Users/amaliaalmira/Desktop/HACKTIV8/IP-amalialmira/server/models/index.js","statementMap":{"0":{"start":{"line":3,"column":11},"end":{"line":3,"column":24}},"1":{"start":{"line":4,"column":13},"end":{"line":4,"column":28}},"2":{"start":{"line":5,"column":18},"end":{"line":5,"column":38}},"3":{"start":{"line":6,"column":16},"end":{"line":6,"column":34}},"4":{"start":{"line":7,"column":17},"end":{"line":7,"column":42}},"5":{"start":{"line":8,"column":12},"end":{"line":8,"column":49}},"6":{"start":{"line":9,"column":15},"end":{"line":9,"column":65}},"7":{"start":{"line":10,"column":11},"end":{"line":10,"column":13}},"8":{"start":{"line":13,"column":0},"end":{"line":17,"column":1}},"9":{"start":{"line":14,"column":2},"end":{"line":14,"column":74}},"10":{"start":{"line":16,"column":2},"end":{"line":16,"column":87}},"11":{"start":{"line":19,"column":0},"end":{"line":32,"column":5}},"12":{"start":{"line":22,"column":4},"end":{"line":27,"column":6}},"13":{"start":{"line":30,"column":18},"end":{"line":30,"column":85}},"14":{"start":{"line":31,"column":4},"end":{"line":31,"column":27}},"15":{"start":{"line":34,"column":0},"end":{"line":38,"column":3}},"16":{"start":{"line":35,"column":2},"end":{"line":37,"column":3}},"17":{"start":{"line":36,"column":4},"end":{"line":36,"column":32}},"18":{"start":{"line":40,"column":0},"end":{"line":40,"column":25}},"19":{"start":{"line":41,"column":0},"end":{"line":41,"column":25}},"20":{"start":{"line":43,"column":0},"end":{"line":43,"column":20}}},"fnMap":{"0":{"name":"(anonymous_0)","decl":{"start":{"line":21,"column":10},"end":{"line":21,"column":11}},"loc":{"start":{"line":21,"column":18},"end":{"line":28,"column":3}},"line":21},"1":{"name":"(anonymous_1)","decl":{"start":{"line":29,"column":11},"end":{"line":29,"column":12}},"loc":{"start":{"line":29,"column":19},"end":{"line":32,"column":3}},"line":29},"2":{"name":"(anonymous_2)","decl":{"start":{"line":34,"column":24},"end":{"line":34,"column":25}},"loc":{"start":{"line":34,"column":37},"end":{"line":38,"column":1}},"line":34}},"branchMap":{"0":{"loc":{"start":{"line":8,"column":12},"end":{"line":8,"column":49}},"type":"binary-expr","locations":[{"start":{"line":8,"column":12},"end":{"line":8,"column":32}},{"start":{"line":8,"column":36},"end":{"line":8,"column":49}}],"line":8},"1":{"loc":{"start":{"line":13,"column":0},"end":{"line":17,"column":1}},"type":"if","locations":[{"start":{"line":13,"column":0},"end":{"line":17,"column":1}},{"start":{"line":15,"column":7},"end":{"line":17,"column":1}}],"line":13},"2":{"loc":{"start":{"line":23,"column":6},"end":{"line":26,"column":37}},"type":"binary-expr","locations":[{"start":{"line":23,"column":6},"end":{"line":23,"column":29}},{"start":{"line":24,"column":6},"end":{"line":24,"column":23}},{"start":{"line":25,"column":6},"end":{"line":25,"column":30}},{"start":{"line":26,"column":6},"end":{"line":26,"column":37}}],"line":23},"3":{"loc":{"start":{"line":35,"column":2},"end":{"line":37,"column":3}},"type":"if","locations":[{"start":{"line":35,"column":2},"end":{"line":37,"column":3}},{"start":{},"end":{}}],"line":35}},"s":{"0":3,"1":3,"2":3,"3":3,"4":3,"5":3,"6":3,"7":3,"8":3,"9":0,"10":3,"11":3,"12":12,"13":9,"14":9,"15":3,"16":9,"17":9,"18":3,"19":3,"20":3},"f":{"0":12,"1":9,"2":9},"b":{"0":[3,0],"1":[0,3],"2":[12,12,9,9],"3":[9,0]},"_coverageSchema":"1a1c01bbd47fc00a2c39e90264f33305004495a9","hash":"c6ca7b87b1b487ee53c5fadd9436d5f9bca17c16"}
,"/Users/amaliaalmira/Desktop/HACKTIV8/IP-amalialmira/server/models/readinglist.js": {"path":"/Users/amaliaalmira/Desktop/HACKTIV8/IP-amalialmira/server/models/readinglist.js","statementMap":{"0":{"start":{"line":4,"column":4},"end":{"line":4,"column":24}},"1":{"start":{"line":5,"column":0},"end":{"line":34,"column":2}},"2":{"start":{"line":14,"column":6},"end":{"line":14,"column":40}},"3":{"start":{"line":15,"column":6},"end":{"line":15,"column":40}},"4":{"start":{"line":18,"column":2},"end":{"line":32,"column":5}},"5":{"start":{"line":33,"column":2},"end":{"line":33,"column":21}}},"fnMap":{"0":{"name":"(anonymous_0)","decl":{"start":{"line":5,"column":17},"end":{"line":5,"column":18}},"loc":{"start":{"line":5,"column":43},"end":{"line":34,"column":1}},"line":5},"1":{"name":"(anonymous_1)","decl":{"start":{"line":12,"column":4},"end":{"line":12,"column":5}},"loc":{"start":{"line":12,"column":29},"end":{"line":16,"column":5}},"line":12}},"branchMap":{},"s":{"0":3,"1":3,"2":3,"3":3,"4":3,"5":3},"f":{"0":3,"1":3},"b":{},"_coverageSchema":"1a1c01bbd47fc00a2c39e90264f33305004495a9","hash":"d349591bf1d6145ce12a8ae03d220795c962ba5f"}
,"/Users/amaliaalmira/Desktop/HACKTIV8/IP-amalialmira/server/models/user.js": {"path":"/Users/amaliaalmira/Desktop/HACKTIV8/IP-amalialmira/server/models/user.js","statementMap":{"0":{"start":{"line":4,"column":4},"end":{"line":4,"column":24}},"1":{"start":{"line":6,"column":21},"end":{"line":6,"column":49}},"2":{"start":{"line":7,"column":0},"end":{"line":71,"column":2}},"3":{"start":{"line":16,"column":6},"end":{"line":16,"column":38}},"4":{"start":{"line":19,"column":2},"end":{"line":69,"column":5}},"5":{"start":{"line":66,"column":8},"end":{"line":66,"column":47}},"6":{"start":{"line":70,"column":2},"end":{"line":70,"column":14}}},"fnMap":{"0":{"name":"(anonymous_0)","decl":{"start":{"line":7,"column":17},"end":{"line":7,"column":18}},"loc":{"start":{"line":7,"column":43},"end":{"line":71,"column":1}},"line":7},"1":{"name":"(anonymous_1)","decl":{"start":{"line":14,"column":4},"end":{"line":14,"column":5}},"loc":{"start":{"line":14,"column":29},"end":{"line":17,"column":5}},"line":14},"2":{"name":"(anonymous_2)","decl":{"start":{"line":65,"column":20},"end":{"line":65,"column":21}},"loc":{"start":{"line":65,"column":39},"end":{"line":67,"column":7}},"line":65}},"branchMap":{},"s":{"0":3,"1":3,"2":3,"3":3,"4":3,"5":3,"6":3},"f":{"0":3,"1":3,"2":3},"b":{},"_coverageSchema":"1a1c01bbd47fc00a2c39e90264f33305004495a9","hash":"92ab49f1a6e35434a0d0aa293158dc9acf3b0c22"}
,"/Users/amaliaalmira/Desktop/HACKTIV8/IP-amalialmira/server/routers/index.js": {"path":"/Users/amaliaalmira/Desktop/HACKTIV8/IP-amalialmira/server/routers/index.js","statementMap":{"0":{"start":{"line":1,"column":16},"end":{"line":1,"column":34}},"1":{"start":{"line":2,"column":23},"end":{"line":2,"column":63}},"2":{"start":{"line":3,"column":23},"end":{"line":3,"column":63}},"3":{"start":{"line":4,"column":23},"end":{"line":4,"column":63}},"4":{"start":{"line":5,"column":23},"end":{"line":5,"column":62}},"5":{"start":{"line":7,"column":15},"end":{"line":7,"column":31}},"6":{"start":{"line":9,"column":0},"end":{"line":9,"column":49}},"7":{"start":{"line":10,"column":0},"end":{"line":10,"column":43}},"8":{"start":{"line":11,"column":0},"end":{"line":11,"column":55}},"9":{"start":{"line":13,"column":0},"end":{"line":13,"column":48}},"10":{"start":{"line":14,"column":0},"end":{"line":14,"column":73}},"11":{"start":{"line":15,"column":0},"end":{"line":15,"column":83}},"12":{"start":{"line":16,"column":0},"end":{"line":16,"column":89}},"13":{"start":{"line":17,"column":0},"end":{"line":17,"column":82}},"14":{"start":{"line":20,"column":0},"end":{"line":20,"column":23}}},"fnMap":{},"branchMap":{},"s":{"0":3,"1":3,"2":3,"3":3,"4":3,"5":3,"6":3,"7":3,"8":3,"9":3,"10":3,"11":3,"12":3,"13":3,"14":3},"f":{},"b":{},"_coverageSchema":"1a1c01bbd47fc00a2c39e90264f33305004495a9","hash":"4fdfa1bc3affb582dc753e32d584b099214383b9"}
}
