TN:
SF:app.js
FNF:0
FNH:0
DA:1,3
DA:2,3
DA:4,3
DA:5,3
DA:6,3
DA:7,3
DA:8,3
DA:12,3
DA:13,3
DA:15,3
DA:22,3
DA:25,3
LF:12
LH:12
BRDA:1,0,0,3
BRDA:1,0,1,0
BRF:2
BRH:1
end_of_record
TN:
SF:controllers/BookController.js
FN:6,(anonymous_0)
FNF:1
FNH:1
FNDA:3,(anonymous_0)
DA:1,3
DA:2,3
DA:7,3
DA:8,3
DA:10,3
DA:12,3
DA:13,0
DA:20,3
DA:21,1
DA:26,3
DA:27,0
DA:35,3
DA:36,3
DA:38,3
DA:39,1
DA:40,1
DA:41,1
DA:44,1
DA:45,1
DA:46,1
DA:49,2
DA:50,2
DA:53,3
DA:55,3
DA:65,0
DA:70,3
LF:26
LH:23
BRDA:12,0,0,0
BRDA:12,0,1,3
BRDA:20,1,0,1
BRDA:20,1,1,2
BRDA:26,2,0,0
BRDA:26,2,1,3
BRDA:26,3,0,3
BRDA:26,3,1,1
BRDA:38,4,0,1
BRDA:38,4,1,2
BRDA:39,5,0,1
BRDA:39,5,1,0
BRDA:44,6,0,1
BRDA:44,6,1,0
BRF:14
BRH:10
end_of_record
TN:
SF:controllers/ListController.js
FN:5,(anonymous_0)
FN:19,(anonymous_1)
FN:34,(anonymous_2)
FN:51,(anonymous_3)
FNF:4
FNH:4
FNDA:1,(anonymous_0)
FNDA:1,(anonymous_1)
FNDA:1,(anonymous_2)
FNDA:1,(anonymous_3)
DA:1,3
DA:2,3
DA:6,1
DA:7,1
DA:13,1
DA:15,0
DA:20,1
DA:21,1
DA:22,1
DA:24,1
DA:28,1
DA:30,0
DA:35,1
DA:37,1
DA:38,1
DA:41,1
DA:46,1
DA:48,0
DA:52,1
DA:53,1
DA:54,1
DA:55,1
DA:56,1
DA:57,1
DA:62,1
DA:64,0
DA:71,3
LF:27
LH:23
BRF:0
BRH:0
end_of_record
TN:
SF:controllers/UserController.js
FN:6,(anonymous_0)
FN:21,(anonymous_1)
FNF:2
FNH:2
FNDA:4,(anonymous_0)
FNDA:5,(anonymous_1)
DA:1,3
DA:2,3
DA:3,3
DA:7,4
DA:9,4
DA:10,4
DA:12,1
DA:18,3
DA:22,5
DA:23,5
DA:24,5
DA:25,2
DA:28,3
DA:32,3
DA:33,2
DA:36,1
DA:40,1
DA:43,4
DA:48,3
LF:19
LH:19
BRDA:24,0,0,2
BRDA:24,0,1,3
BRDA:24,1,0,5
BRDA:24,1,1,4
BRDA:32,2,0,2
BRDA:32,2,1,1
BRDA:32,3,0,3
BRDA:32,3,1,2
BRF:8
BRH:8
end_of_record
TN:
SF:helpers/bcrypt.js
FN:3,(anonymous_0)
FN:8,(anonymous_1)
FNF:2
FNH:2
FNDA:3,(anonymous_0)
FNDA:2,(anonymous_1)
DA:1,3
DA:3,3
DA:4,3
DA:5,3
DA:8,3
DA:9,2
DA:12,3
LF:7
LH:7
BRF:0
BRH:0
end_of_record
TN:
SF:helpers/jwt.js
FN:4,(anonymous_0)
FN:9,(anonymous_1)
FNF:2
FNH:2
FNDA:2,(anonymous_0)
FNDA:4,(anonymous_1)
DA:1,3
DA:3,3
DA:4,3
DA:6,2
DA:9,3
DA:10,4
DA:13,3
LF:7
LH:7
BRF:0
BRH:0
end_of_record
TN:
SF:middleware/errorHandler.js
FN:1,errorHandler
FNF:1
FNH:1
FNDA:7,errorHandler
DA:2,7
DA:3,7
DA:4,7
DA:5,7
DA:8,0
DA:9,0
DA:10,0
DA:12,0
DA:13,0
DA:14,0
DA:16,0
DA:17,0
DA:18,0
DA:21,3
DA:22,3
DA:23,3
DA:25,2
DA:26,2
DA:27,2
DA:29,2
DA:30,2
DA:31,2
DA:33,0
DA:34,0
DA:35,0
DA:38,7
DA:41,3
LF:27
LH:15
BRDA:2,0,0,7
BRDA:2,0,1,0
BRDA:3,1,0,7
BRDA:3,1,1,4
BRDA:5,2,0,0
BRDA:5,2,1,0
BRDA:5,2,2,0
BRDA:5,2,3,0
BRDA:5,2,4,3
BRDA:5,2,5,3
BRDA:5,2,6,2
BRDA:5,2,7,2
BRDA:5,2,8,0
BRF:13
BRH:7
end_of_record
TN:
SF:middleware/isAuthenticate.js
FN:4,isAuthenticate
FNF:1
FNH:1
FNDA:4,isAuthenticate
DA:1,3
DA:2,3
DA:5,4
DA:6,4
DA:7,4
DA:9,4
DA:10,0
DA:13,4
DA:15,4
DA:16,0
DA:19,4
DA:21,4
DA:23,4
DA:24,0
DA:27,4
DA:31,4
DA:34,0
DA:39,3
LF:18
LH:14
BRDA:9,0,0,0
BRDA:9,0,1,4
BRDA:15,1,0,0
BRDA:15,1,1,4
BRDA:23,2,0,0
BRDA:23,2,1,4
BRF:6
BRH:3
end_of_record
TN:
SF:models/book.js
FN:5,(anonymous_0)
FN:12,(anonymous_1)
FNF:2
FNH:2
FNDA:3,(anonymous_0)
FNDA:3,(anonymous_1)
DA:4,3
DA:5,3
DA:14,3
DA:17,3
DA:29,3
LF:5
LH:5
BRF:0
BRH:0
end_of_record
TN:
SF:models/index.js
FN:21,(anonymous_0)
FN:29,(anonymous_1)
FN:34,(anonymous_2)
FNF:3
FNH:3
FNDA:12,(anonymous_0)
FNDA:9,(anonymous_1)
FNDA:9,(anonymous_2)
DA:3,3
DA:4,3
DA:5,3
DA:6,3
DA:7,3
DA:8,3
DA:9,3
DA:10,3
DA:13,3
DA:14,0
DA:16,3
DA:19,3
DA:22,12
DA:30,9
DA:31,9
DA:34,3
DA:35,9
DA:36,9
DA:40,3
DA:41,3
DA:43,3
LF:21
LH:20
BRDA:8,0,0,3
BRDA:8,0,1,0
BRDA:13,1,0,0
BRDA:13,1,1,3
BRDA:23,2,0,12
BRDA:23,2,1,12
BRDA:23,2,2,9
BRDA:23,2,3,9
BRDA:35,3,0,9
BRDA:35,3,1,0
BRF:10
BRH:7
end_of_record
TN:
SF:models/readinglist.js
FN:5,(anonymous_0)
FN:12,(anonymous_1)
FNF:2
FNH:2
FNDA:3,(anonymous_0)
FNDA:3,(anonymous_1)
DA:4,3
DA:5,3
DA:14,3
DA:15,3
DA:18,3
DA:33,3
LF:6
LH:6
BRF:0
BRH:0
end_of_record
TN:
SF:models/user.js
FN:7,(anonymous_0)
FN:14,(anonymous_1)
FN:65,(anonymous_2)
FNF:3
FNH:3
FNDA:3,(anonymous_0)
FNDA:3,(anonymous_1)
FNDA:3,(anonymous_2)
DA:4,3
DA:6,3
DA:7,3
DA:16,3
DA:19,3
DA:66,3
DA:70,3
LF:7
LH:7
BRF:0
BRH:0
end_of_record
TN:
SF:routers/index.js
FNF:0
FNH:0
DA:1,3
DA:2,3
DA:3,3
DA:4,3
DA:5,3
DA:7,3
DA:9,3
DA:10,3
DA:12,3
DA:13,3
DA:14,3
DA:15,3
DA:16,3
DA:19,3
LF:14
LH:14
BRF:0
BRH:0
end_of_record
