TN:
SF:app.js
FNF:0
FNH:0
DA:1,3
DA:2,3
DA:4,3
DA:5,3
DA:6,3
DA:7,3
DA:8,3
DA:9,3
DA:11,3
DA:12,3
DA:13,3
DA:15,3
DA:22,3
DA:25,3
LF:14
LH:14
BRDA:1,0,0,3
BRDA:1,0,1,0
BRF:2
BRH:1
end_of_record
TN:
SF:controllers/BookController.js
FN:7,(anonymous_0)
FN:70,(anonymous_1)
FN:76,(anonymous_2)
FNF:3
FNH:1
FNDA:3,(anonymous_0)
FNDA:0,(anonymous_1)
FNDA:0,(anonymous_2)
DA:1,3
DA:2,3
DA:3,3
DA:8,3
DA:9,3
DA:11,3
DA:13,3
DA:14,0
DA:21,3
DA:22,1
DA:27,3
DA:28,0
DA:36,3
DA:37,3
DA:39,3
DA:40,1
DA:41,1
DA:42,1
DA:45,1
DA:46,1
DA:47,1
DA:50,2
DA:51,2
DA:54,3
DA:56,3
DA:66,0
DA:71,0
DA:72,0
DA:73,0
DA:75,0
DA:76,0
DA:77,0
DA:86,0
DA:88,0
DA:91,0
DA:96,3
LF:36
LH:24
BRDA:13,0,0,0
BRDA:13,0,1,3
BRDA:21,1,0,1
BRDA:21,1,1,2
BRDA:27,2,0,0
BRDA:27,2,1,3
BRDA:27,3,0,3
BRDA:27,3,1,1
BRDA:39,4,0,1
BRDA:39,4,1,2
BRDA:40,5,0,1
BRDA:40,5,1,0
BRDA:45,6,0,1
BRDA:45,6,1,0
BRF:14
BRH:10
end_of_record
TN:
SF:controllers/ListController.js
FN:6,(anonymous_0)
FN:20,(anonymous_1)
FN:48,(anonymous_2)
FN:65,(anonymous_3)
FN:83,(anonymous_4)
FNF:5
FNH:4
FNDA:2,(anonymous_0)
FNDA:1,(anonymous_1)
FNDA:1,(anonymous_2)
FNDA:1,(anonymous_3)
FNDA:0,(anonymous_4)
DA:1,3
DA:2,3
DA:3,3
DA:7,2
DA:8,2
DA:14,2
DA:16,0
DA:21,1
DA:22,1
DA:23,1
DA:33,1
DA:34,0
DA:37,1
DA:38,1
DA:42,1
DA:44,0
DA:49,1
DA:51,1
DA:52,1
DA:55,1
DA:60,1
DA:62,0
DA:66,1
DA:68,1
DA:69,1
DA:72,1
DA:77,1
DA:79,0
DA:84,0
DA:85,0
DA:86,0
DA:93,0
DA:96,0
DA:102,3
LF:34
LH:24
BRDA:22,0,0,0
BRDA:33,1,0,0
BRDA:33,1,1,1
BRF:3
BRH:1
end_of_record
TN:
SF:controllers/UserController.js
FN:11,(anonymous_0)
FN:26,(anonymous_1)
FN:52,(anonymous_2)
FNF:3
FNH:3
FNDA:4,(anonymous_0)
FNDA:5,(anonymous_1)
FNDA:1,(anonymous_2)
DA:1,3
DA:2,3
DA:3,3
DA:5,3
DA:7,3
DA:8,3
DA:12,4
DA:14,4
DA:15,4
DA:17,1
DA:23,3
DA:27,5
DA:28,5
DA:29,5
DA:30,2
DA:33,3
DA:37,3
DA:38,2
DA:41,1
DA:45,1
DA:48,4
DA:53,1
DA:54,1
DA:55,1
DA:60,0
DA:61,0
DA:73,0
DA:74,0
DA:76,1
DA:77,1
DA:82,3
LF:31
LH:27
BRDA:29,0,0,2
BRDA:29,0,1,3
BRDA:29,1,0,5
BRDA:29,1,1,4
BRDA:37,2,0,2
BRDA:37,2,1,1
BRDA:37,3,0,3
BRDA:37,3,1,2
BRDA:74,4,0,0
BRDA:74,4,1,0
BRF:10
BRH:8
end_of_record
TN:
SF:helpers/bcrypt.js
FN:3,(anonymous_0)
FN:8,(anonymous_1)
FNF:2
FNH:2
FNDA:3,(anonymous_0)
FNDA:2,(anonymous_1)
DA:1,3
DA:3,3
DA:4,3
DA:5,3
DA:8,3
DA:9,2
DA:12,3
LF:7
LH:7
BRF:0
BRH:0
end_of_record
TN:
SF:helpers/gemini-ai.js
FN:8,geminiAi
FNF:1
FNH:0
FNDA:0,geminiAi
DA:1,3
DA:2,3
DA:5,3
DA:9,0
DA:14,0
DA:26,0
DA:27,0
DA:28,0
DA:29,0
DA:32,0
DA:35,3
LF:11
LH:4
BRF:0
BRH:0
end_of_record
TN:
SF:helpers/jwt.js
FN:4,(anonymous_0)
FN:9,(anonymous_1)
FNF:2
FNH:2
FNDA:2,(anonymous_0)
FNDA:5,(anonymous_1)
DA:1,3
DA:3,3
DA:4,3
DA:6,2
DA:9,3
DA:10,5
DA:13,3
LF:7
LH:7
BRF:0
BRH:0
end_of_record
TN:
SF:middleware/errorHandler.js
FN:1,errorHandler
FNF:1
FNH:1
FNDA:8,errorHandler
DA:2,8
DA:3,8
DA:4,8
DA:5,8
DA:8,0
DA:9,0
DA:10,0
DA:12,0
DA:13,0
DA:14,0
DA:16,0
DA:17,0
DA:18,0
DA:21,3
DA:22,3
DA:23,3
DA:25,2
DA:26,2
DA:27,2
DA:29,2
DA:30,2
DA:31,2
DA:33,0
DA:34,0
DA:35,0
DA:38,8
DA:41,3
LF:27
LH:15
BRDA:2,0,0,8
BRDA:2,0,1,0
BRDA:3,1,0,8
BRDA:3,1,1,4
BRDA:5,2,0,0
BRDA:5,2,1,0
BRDA:5,2,2,0
BRDA:5,2,3,0
BRDA:5,2,4,3
BRDA:5,2,5,3
BRDA:5,2,6,2
BRDA:5,2,7,2
BRDA:5,2,8,0
BRF:13
BRH:7
end_of_record
TN:
SF:middleware/isAuthenticate.js
FN:4,isAuthenticate
FNF:1
FNH:1
FNDA:5,isAuthenticate
DA:1,3
DA:2,3
DA:5,5
DA:6,5
DA:7,5
DA:9,5
DA:10,0
DA:13,5
DA:15,5
DA:16,0
DA:19,5
DA:21,5
DA:23,5
DA:24,0
DA:27,5
DA:31,5
DA:34,0
DA:39,3
LF:18
LH:14
BRDA:9,0,0,0
BRDA:9,0,1,5
BRDA:15,1,0,0
BRDA:15,1,1,5
BRDA:23,2,0,0
BRDA:23,2,1,5
BRF:6
BRH:3
end_of_record
TN:
SF:models/book.js
FN:5,(anonymous_0)
FN:12,(anonymous_1)
FNF:2
FNH:2
FNDA:3,(anonymous_0)
FNDA:3,(anonymous_1)
DA:4,3
DA:5,3
DA:14,3
DA:17,3
DA:29,3
LF:5
LH:5
BRF:0
BRH:0
end_of_record
TN:
SF:models/index.js
FN:21,(anonymous_0)
FN:29,(anonymous_1)
FN:34,(anonymous_2)
FNF:3
FNH:3
FNDA:12,(anonymous_0)
FNDA:9,(anonymous_1)
FNDA:9,(anonymous_2)
DA:3,3
DA:4,3
DA:5,3
DA:6,3
DA:7,3
DA:8,3
DA:9,3
DA:10,3
DA:13,3
DA:14,0
DA:16,3
DA:19,3
DA:22,12
DA:30,9
DA:31,9
DA:34,3
DA:35,9
DA:36,9
DA:40,3
DA:41,3
DA:43,3
LF:21
LH:20
BRDA:8,0,0,3
BRDA:8,0,1,0
BRDA:13,1,0,0
BRDA:13,1,1,3
BRDA:23,2,0,12
BRDA:23,2,1,12
BRDA:23,2,2,9
BRDA:23,2,3,9
BRDA:35,3,0,9
BRDA:35,3,1,0
BRF:10
BRH:7
end_of_record
TN:
SF:models/readinglist.js
FN:5,(anonymous_0)
FN:12,(anonymous_1)
FNF:2
FNH:2
FNDA:3,(anonymous_0)
FNDA:3,(anonymous_1)
DA:4,3
DA:5,3
DA:14,3
DA:15,3
DA:18,3
DA:33,3
LF:6
LH:6
BRF:0
BRH:0
end_of_record
TN:
SF:models/user.js
FN:7,(anonymous_0)
FN:14,(anonymous_1)
FN:65,(anonymous_2)
FNF:3
FNH:3
FNDA:3,(anonymous_0)
FNDA:3,(anonymous_1)
FNDA:3,(anonymous_2)
DA:4,3
DA:6,3
DA:7,3
DA:16,3
DA:19,3
DA:66,3
DA:70,3
LF:7
LH:7
BRF:0
BRH:0
end_of_record
TN:
SF:routers/index.js
FNF:0
FNH:0
DA:1,3
DA:2,3
DA:3,3
DA:4,3
DA:5,3
DA:7,3
DA:9,3
DA:10,3
DA:11,3
DA:13,3
DA:14,3
DA:15,3
DA:16,3
DA:17,3
DA:18,3
DA:19,3
DA:23,3
LF:17
LH:17
BRF:0
BRH:0
end_of_record
